# JRE version: OpenJDK Runtime Environment (8.0_152-b02) (build 1.8.0_152-release-1024-b02)
# Java VM: OpenJDK 64-Bit Server VM (25.152-b02 mixed mode windows-amd64 compressed oops)
Heap:
 PSYoungGen      total 486912K, used 6616K [0x00000000e0000000, 0x0000000100000000, 0x0000000100000000)
  eden space 449024K, 0% used [0x00000000e0000000,0x00000000e0000000,0x00000000fb680000)
  from space 37888K, 17% used [0x00000000fdb00000,0x00000000fe1760f0,0x0000000100000000)
  to   space 37376K, 0% used [0x00000000fb680000,0x00000000fb680000,0x00000000fdb00000)
 ParOldGen       total 100864K, used 83115K [0x00000000a0000000, 0x00000000a6280000, 0x00000000e0000000)
  object space 100864K, 82% used [0x00000000a0000000,0x00000000a512ad18,0x00000000a6280000)
 Metaspace       used 93727K, capacity 98285K, committed 98380K, reserved 1134592K
  class space    used 12325K, capacity 13385K, committed 13440K, reserved 1048576K
GC Heap History (10 events):
Event: 39.126 GC heap after
Heap after GC invocations=13 (full 3):
 PSYoungGen      total 259584K, used 0K [0x00000000e0000000, 0x00000000f1a00000, 0x0000000100000000)
  eden space 242176K, 0% used [0x00000000e0000000,0x00000000e0000000,0x00000000eec80000)
  from space 17408K, 0% used [0x00000000f0200000,0x00000000f0200000,0x00000000f1300000)
  to   space 22016K, 0% used [0x00000000eec80000,0x00000000eec80000,0x00000000f0200000)
 ParOldGen       total 100864K, used 38253K [0x00000000a0000000, 0x00000000a6280000, 0x00000000e0000000)
  object space 100864K, 37% used [0x00000000a0000000,0x00000000a255b5c8,0x00000000a6280000)
 Metaspace       used 57145K, capacity 58939K, committed 59028K, reserved 1099776K
  class space    used 7759K, capacity 8192K, committed 8192K, reserved 1048576K
}
Event: 80.234 GC heap before
{Heap before GC invocations=14 (full 3):
 PSYoungGen      total 259584K, used 242176K [0x00000000e0000000, 0x00000000f1a00000, 0x0000000100000000)
  eden space 242176K, 100% used [0x00000000e0000000,0x00000000eec80000,0x00000000eec80000)
  from space 17408K, 0% used [0x00000000f0200000,0x00000000f0200000,0x00000000f1300000)
  to   space 22016K, 0% used [0x00000000eec80000,0x00000000eec80000,0x00000000f0200000)
 ParOldGen       total 100864K, used 38253K [0x00000000a0000000, 0x00000000a6280000, 0x00000000e0000000)
  object space 100864K, 37% used [0x00000000a0000000,0x00000000a255b5c8,0x00000000a6280000)
 Metaspace       used 64517K, capacity 66871K, committed 67288K, reserved 1107968K
  class space    used 8515K, capacity 9120K, committed 9216K, reserved 1048576K
Event: 80.300 GC heap after
Heap after GC invocations=14 (full 3):
 PSYoungGen      total 264192K, used 18543K [0x00000000e0000000, 0x00000000f8780000, 0x0000000100000000)
  eden space 242176K, 0% used [0x00000000e0000000,0x00000000e0000000,0x00000000eec80000)
  from space 22016K, 84% used [0x00000000eec80000,0x00000000efe9be70,0x00000000f0200000)
  to   space 23552K, 0% used [0x00000000f7080000,0x00000000f7080000,0x00000000f8780000)
 ParOldGen       total 100864K, used 38261K [0x00000000a0000000, 0x00000000a6280000, 0x00000000e0000000)
  object space 100864K, 37% used [0x00000000a0000000,0x00000000a255d5c8,0x00000000a6280000)
 Metaspace       used 64517K, capacity 66871K, committed 67288K, reserved 1107968K
  class space    used 8515K, capacity 9120K, committed 9216K, reserved 1048576K
}
Event: 107.659 GC heap before
{Heap before GC invocations=15 (full 3):
 PSYoungGen      total 264192K, used 260719K [0x00000000e0000000, 0x00000000f8780000, 0x0000000100000000)
  eden space 242176K, 100% used [0x00000000e0000000,0x00000000eec80000,0x00000000eec80000)
  from space 22016K, 84% used [0x00000000eec80000,0x00000000efe9be70,0x00000000f0200000)
  to   space 23552K, 0% used [0x00000000f7080000,0x00000000f7080000,0x00000000f8780000)
 ParOldGen       total 100864K, used 38261K [0x00000000a0000000, 0x00000000a6280000, 0x00000000e0000000)
  object space 100864K, 37% used [0x00000000a0000000,0x00000000a255d5c8,0x00000000a6280000)
 Metaspace       used 77361K, capacity 80549K, committed 80856K, reserved 1120256K
  class space    used 10198K, capacity 10932K, committed 11008K, reserved 1048576K
Event: 107.874 GC heap after
Heap after GC invocations=15 (full 3):
 PSYoungGen      total 366592K, used 23528K [0x00000000e0000000, 0x00000000f9580000, 0x0000000100000000)
  eden space 343040K, 0% used [0x00000000e0000000,0x00000000e0000000,0x00000000f4f00000)
  from space 23552K, 99% used [0x00000000f7080000,0x00000000f877a358,0x00000000f8780000)
  to   space 34304K, 0% used [0x00000000f4f00000,0x00000000f4f00000,0x00000000f7080000)
 ParOldGen       total 100864K, used 58204K [0x00000000a0000000, 0x00000000a6280000, 0x00000000e0000000)
  object space 100864K, 57% used [0x00000000a0000000,0x00000000a38d71e8,0x00000000a6280000)
 Metaspace       used 77361K, capacity 80549K, committed 80856K, reserved 1120256K
  class space    used 10198K, capacity 10932K, committed 11008K, reserved 1048576K
}
Event: 802.989 GC heap before
{Heap before GC invocations=16 (full 3):
 PSYoungGen      total 366592K, used 366568K [0x00000000e0000000, 0x00000000f9580000, 0x0000000100000000)
  eden space 343040K, 100% used [0x00000000e0000000,0x00000000f4f00000,0x00000000f4f00000)
  from space 23552K, 99% used [0x00000000f7080000,0x00000000f877a358,0x00000000f8780000)
  to   space 34304K, 0% used [0x00000000f4f00000,0x00000000f4f00000,0x00000000f7080000)
 ParOldGen       total 100864K, used 58204K [0x00000000a0000000, 0x00000000a6280000, 0x00000000e0000000)
  object space 100864K, 57% used [0x00000000a0000000,0x00000000a38d71e8,0x00000000a6280000)
 Metaspace       used 93320K, capacity 97927K, committed 98136K, reserved 1134592K
  class space    used 12256K, capacity 13319K, committed 13440K, reserved 1048576K
Event: 803.093 GC heap after
Heap after GC invocations=16 (full 3):
 PSYoungGen      total 377344K, used 29120K [0x00000000e0000000, 0x0000000100000000, 0x0000000100000000)
  eden space 343040K, 0% used [0x00000000e0000000,0x00000000e0000000,0x00000000f4f00000)
  from space 34304K, 84% used [0x00000000f4f00000,0x00000000f6b70118,0x00000000f7080000)
  to   space 37888K, 0% used [0x00000000fdb00000,0x00000000fdb00000,0x0000000100000000)
 ParOldGen       total 100864K, used 68222K [0x00000000a0000000, 0x00000000a6280000, 0x00000000e0000000)
  object space 100864K, 67% used [0x00000000a0000000,0x00000000a429f888,0x00000000a6280000)
 Metaspace       used 93320K, capacity 97927K, committed 98136K, reserved 1134592K
  class space    used 12256K, capacity 13319K, committed 13440K, reserved 1048576K
}
Event: 804.544 GC heap before
{Heap before GC invocations=17 (full 3):
 PSYoungGen      total 377344K, used 88888K [0x00000000e0000000, 0x0000000100000000, 0x0000000100000000)
  eden space 343040K, 17% used [0x00000000e0000000,0x00000000e3a5e0b0,0x00000000f4f00000)
  from space 34304K, 84% used [0x00000000f4f00000,0x00000000f6b70118,0x00000000f7080000)
  to   space 37888K, 0% used [0x00000000fdb00000,0x00000000fdb00000,0x0000000100000000)
 ParOldGen       total 100864K, used 68222K [0x00000000a0000000, 0x00000000a6280000, 0x00000000e0000000)
  object space 100864K, 67% used [0x00000000a0000000,0x00000000a429f888,0x00000000a6280000)
 Metaspace       used 93727K, capacity 98285K, committed 98380K, reserved 1134592K
  class space    used 12325K, capacity 13385K, committed 13440K, reserved 1048576K
Event: 804.611 GC heap after
Heap after GC invocations=17 (full 3):
 PSYoungGen      total 486912K, used 6616K [0x00000000e0000000, 0x0000000100000000, 0x0000000100000000)
  eden space 449024K, 0% used [0x00000000e0000000,0x00000000e0000000,0x00000000fb680000)
  from space 37888K, 17% used [0x00000000fdb00000,0x00000000fe1760f0,0x0000000100000000)
  to   space 37376K, 0% used [0x00000000fb680000,0x00000000fb680000,0x00000000fdb00000)
 ParOldGen       total 100864K, used 83115K [0x00000000a0000000, 0x00000000a6280000, 0x00000000e0000000)
  object space 100864K, 82% used [0x00000000a0000000,0x00000000a512ad18,0x00000000a6280000)
 Metaspace       used 93727K, capacity 98285K, committed 98380K, reserved 1134592K
  class space    used 12325K, capacity 13385K, committed 13440K, reserved 1048576K
}
Event: 804.611 GC heap before
{Heap before GC invocations=18 (full 4):
 PSYoungGen      total 486912K, used 6616K [0x00000000e0000000, 0x0000000100000000, 0x0000000100000000)
  eden space 449024K, 0% used [0x00000000e0000000,0x00000000e0000000,0x00000000fb680000)
  from space 37888K, 17% used [0x00000000fdb00000,0x00000000fe1760f0,0x0000000100000000)
  to   space 37376K, 0% used [0x00000000fb680000,0x00000000fb680000,0x00000000fdb00000)
 ParOldGen       total 100864K, used 83115K [0x00000000a0000000, 0x00000000a6280000, 0x00000000e0000000)
  object space 100864K, 82% used [0x00000000a0000000,0x00000000a512ad18,0x00000000a6280000)
 Metaspace       used 93727K, capacity 98285K, committed 98380K, reserved 1134592K
  class space    used 12325K, capacity 13385K, committed 13440K, reserved 1048576K

